[debug] [2021-03-06T03:55:30.025Z] ----------------------------------------------------------------------
[debug] [2021-03-06T03:55:30.028Z] Command:       C:\Program Files\nodejs\node.exe C:\Users\Soporte\AppData\Roaming\npm\node_modules\firebase-tools\lib\bin\firebase.js deploy
[debug] [2021-03-06T03:55:30.029Z] CLI Version:   9.5.0
[debug] [2021-03-06T03:55:30.029Z] Platform:      win32
[debug] [2021-03-06T03:55:30.029Z] Node Version:  v14.16.0
[debug] [2021-03-06T03:55:30.031Z] Time:          Fri Mar 05 2021 23:55:30 GMT-0400 (hora de Venezuela)
[debug] [2021-03-06T03:55:30.031Z] ----------------------------------------------------------------------
[debug] [2021-03-06T03:55:30.031Z] 
[debug] [2021-03-06T03:55:30.042Z] > command requires scopes: ["email","openid","https://www.googleapis.com/auth/cloudplatformprojects.readonly","https://www.googleapis.com/auth/firebase","https://www.googleapis.com/auth/cloud-platform"]
[debug] [2021-03-06T03:55:30.044Z] > authorizing via signed-in user
[debug] [2021-03-06T03:55:30.045Z] [iam] checking project microproyecto2-93bc3 for permissions ["firebase.projects.get","firebasehosting.sites.update"]
[debug] [2021-03-06T03:55:30.049Z] > refreshing access token with scopes: ["email","https://www.googleapis.com/auth/cloud-platform","https://www.googleapis.com/auth/cloudplatformprojects.readonly","https://www.googleapis.com/auth/firebase","openid"]
[debug] [2021-03-06T03:55:30.049Z] >>> HTTP REQUEST POST https://www.googleapis.com/oauth2/v3/token  
 <request body omitted>
[debug] [2021-03-06T03:55:30.705Z] <<< HTTP RESPONSE 200 {"cache-control":"no-cache, no-store, max-age=0, must-revalidate","date":"Sat, 06 Mar 2021 03:56:17 GMT","pragma":"no-cache","expires":"Mon, 01 Jan 1990 00:00:00 GMT","content-type":"application/json; charset=utf-8","vary":"X-Origin, Referer, Origin,Accept-Encoding","server":"scaffolding on HTTPServer2","x-xss-protection":"0","x-frame-options":"SAMEORIGIN","x-content-type-options":"nosniff","alt-svc":"h3-29=\":443\"; ma=2592000,h3-T051=\":443\"; ma=2592000,h3-Q050=\":443\"; ma=2592000,h3-Q046=\":443\"; ma=2592000,h3-Q043=\":443\"; ma=2592000,quic=\":443\"; ma=2592000; v=\"46,43\"","accept-ranges":"none","transfer-encoding":"chunked"}
[debug] [2021-03-06T03:55:30.991Z] >>> HTTP REQUEST POST https://cloudresourcemanager.googleapis.com/v1/projects/microproyecto2-93bc3:testIamPermissions  
 {"permissions":["firebase.projects.get","firebasehosting.sites.update"]}
[debug] [2021-03-06T03:55:31.972Z] <<< HTTP RESPONSE 200 {"content-type":"application/json; charset=UTF-8","vary":"X-Origin, Referer, Origin,Accept-Encoding","date":"Sat, 06 Mar 2021 03:56:18 GMT","server":"ESF","cache-control":"private","x-xss-protection":"0","x-frame-options":"SAMEORIGIN","x-content-type-options":"nosniff","server-timing":"gfet4t7; dur=404","alt-svc":"h3-29=\":443\"; ma=2592000,h3-T051=\":443\"; ma=2592000,h3-Q050=\":443\"; ma=2592000,h3-Q046=\":443\"; ma=2592000,h3-Q043=\":443\"; ma=2592000,quic=\":443\"; ma=2592000; v=\"46,43\"","accept-ranges":"none","transfer-encoding":"chunked"}
[debug] [2021-03-06T03:55:31.976Z] > refreshing access token with scopes: []
[debug] [2021-03-06T03:55:31.976Z] >>> HTTP REQUEST POST https://www.googleapis.com/oauth2/v3/token  
 <request body omitted>
[debug] [2021-03-06T03:55:32.554Z] <<< HTTP RESPONSE 200 {"pragma":"no-cache","expires":"Mon, 01 Jan 1990 00:00:00 GMT","date":"Sat, 06 Mar 2021 03:56:19 GMT","cache-control":"no-cache, no-store, max-age=0, must-revalidate","content-type":"application/json; charset=utf-8","vary":"X-Origin, Referer, Origin,Accept-Encoding","server":"scaffolding on HTTPServer2","x-xss-protection":"0","x-frame-options":"SAMEORIGIN","x-content-type-options":"nosniff","alt-svc":"h3-29=\":443\"; ma=2592000,h3-T051=\":443\"; ma=2592000,h3-Q050=\":443\"; ma=2592000,h3-Q046=\":443\"; ma=2592000,h3-Q043=\":443\"; ma=2592000,quic=\":443\"; ma=2592000; v=\"46,43\"","accept-ranges":"none","transfer-encoding":"chunked"}
[debug] [2021-03-06T03:55:32.583Z] >>> [apiv2][query] GET https://firebase.googleapis.com/v1beta1/projects/microproyecto2-93bc3 [none]
[debug] [2021-03-06T03:55:53.636Z] Failed to make request to https://firebase.googleapis.com/v1beta1/projects/microproyecto2-93bc3
[debug] [2021-03-06T03:56:14.708Z] FirebaseError: Failed to make request to https://firebase.googleapis.com/v1beta1/projects/microproyecto2-93bc3
    at Client.doRequest (C:\Users\Soporte\AppData\Roaming\npm\node_modules\firebase-tools\lib\apiv2.js:211:19)
    at processTicksAndRejections (internal/process/task_queues.js:93:5)
    at async Client.request (C:\Users\Soporte\AppData\Roaming\npm\node_modules\firebase-tools\lib\apiv2.js:96:20)
    at async Object.getFirebaseProject (C:\Users\Soporte\AppData\Roaming\npm\node_modules\firebase-tools\lib\management\projects.js:289:21)
    at async Object.getDefaultHostingSite (C:\Users\Soporte\AppData\Roaming\npm\node_modules\firebase-tools\lib\getDefaultHostingSite.js:8:21)
    at async requireHostingSite (C:\Users\Soporte\AppData\Roaming\npm\node_modules\firebase-tools\lib\requireHostingSite.js:9:18)
    at async Object.fn (C:\Users\Soporte\AppData\Roaming\npm\node_modules\firebase-tools\lib\commands\deploy.js:66:9)
    at async C:\Users\Soporte\AppData\Roaming\npm\node_modules\firebase-tools\lib\command.js:161:17
[error] 
[error] Error: Failed to get Firebase project microproyecto2-93bc3. Please make sure the project exists and your account has permission to access it.
